<?xml version="1.0" encoding="UTF-8"?>
<!-- Generated by org.testng.reporters.JUnitReportReporter -->
<testsuite hostname="vishal-sagar" failures="0" tests="1" name="apiTests.UserTest" time="0.011" errors="0" timestamp="2024-10-11T15:02:40 IST" skipped="0">
  <testcase classname="apiTests.UserTest" name="testUserTasksCompletion" time="0.011"/>
</testsuite> <!-- apiTests.UserTest -->
