<?xml version="1.0" encoding="UTF-8"?>
<!-- Generated by org.testng.reporters.JUnitReportReporter -->
<testsuite hostname="vishal-sagar" failures="0" tests="1" name="com.test.UserTest" time="0.006" errors="0" timestamp="2024-10-11T14:18:36 IST" skipped="0">
  <testcase classname="com.test.UserTest" name="testUserTasksCompletion" time="0.006"/>
</testsuite> <!-- com.test.UserTest -->
